<?xml version="1.0" encoding="UTF-8"?>
<!-- Generated by org.testng.reporters.JUnitXMLReporter -->
<testsuite ignored="0" hostname="LAPTOP-JF3D1Q9Q" failures="0" tests="3" name="Test" time="56.291" errors="0" timestamp="2022-04-26T23:25:34 IST">
  <testcase classname="Project.Practical.NavBar" name="navBar" time="3.38"/>
  <testcase classname="Project.Practical.HomePage" name="basePageNavigation" time="0.841"/>
  <testcase classname="Project.Practical.HomePage" name="basePageNavigation" time="0.83"/>
</testsuite> <!-- Test -->
