<?xml version="1.0" encoding="UTF-8"?>
<!-- Generated by org.testng.reporters.JUnitXMLReporter -->
<testsuite hostname="LAPTOP-JF3D1Q9Q" ignored="0" name="Test" tests="3" failures="0" timestamp="2022-04-29T23:23:56 IST" time="67.605" errors="0">
  <testcase name="navBar" time="0.211" classname="Project.Practical.NavBar"/>
  <testcase name="basePageNavigation" time="1.201" classname="Project.Practical.HomePage"/>
  <testcase name="basePageNavigation" time="3.398" classname="Project.Practical.HomePage"/>
</testsuite> <!-- Test -->
