<?xml version="1.0" encoding="UTF-8"?>
<testng-results skipped="0" failed="0" ignored="0" total="3" passed="3">
  <reporter-output>
  </reporter-output>
  <suite name="Suite" duration-ms="63137" started-at="2022-05-05T22:51:56 IST" finished-at="2022-05-05T22:52:59 IST">
    <groups>
    </groups>
    <test name="NavBar" duration-ms="17200" started-at="2022-05-05T22:51:56 IST" finished-at="2022-05-05T22:52:13 IST">
      <class name="Project.Practical.NavBar">
        <test-method status="PASS" signature="openURL()[pri:0, instance:Project.Practical.NavBar@28194a50]" name="openURL" is-config="true" duration-ms="16137" started-at="2022-05-05T22:51:56 IST" finished-at="2022-05-05T22:52:12 IST">
          <reporter-output>
          </reporter-output>
        </test-method> <!-- openURL -->
        <test-method status="PASS" signature="navBar()[pri:0, instance:Project.Practical.NavBar@28194a50]" name="navBar" duration-ms="367" started-at="2022-05-05T22:52:12 IST" finished-at="2022-05-05T22:52:13 IST">
          <reporter-output>
          </reporter-output>
        </test-method> <!-- navBar -->
        <test-method status="PASS" signature="teardown()[pri:0, instance:Project.Practical.NavBar@28194a50]" name="teardown" is-config="true" duration-ms="674" started-at="2022-05-05T22:52:13 IST" finished-at="2022-05-05T22:52:13 IST">
          <reporter-output>
          </reporter-output>
        </test-method> <!-- teardown -->
      </class> <!-- Project.Practical.NavBar -->
    </test> <!-- NavBar -->
    <test name="HomePage" duration-ms="63137" started-at="2022-05-05T22:51:56 IST" finished-at="2022-05-05T22:52:59 IST">
      <class name="Project.Practical.HomePage">
        <test-method status="PASS" signature="openURL()[pri:0, instance:Project.Practical.HomePage@1f760b47]" name="openURL" is-config="true" duration-ms="21225" started-at="2022-05-05T22:51:56 IST" finished-at="2022-05-05T22:52:17 IST">
          <reporter-output>
          </reporter-output>
        </test-method> <!-- openURL -->
        <test-method status="PASS" signature="basePageNavigation(java.lang.String,java.lang.String)[pri:0, instance:Project.Practical.HomePage@1f760b47]" name="basePageNavigation" duration-ms="1168" started-at="2022-05-05T22:52:17 IST" data-provider="getData" finished-at="2022-05-05T22:52:19 IST">
          <params>
            <param index="0">
              <value>
                <![CDATA[asd@gmail.com]]>
              </value>
            </param>
            <param index="1">
              <value>
                <![CDATA[password1]]>
              </value>
            </param>
          </params>
          <reporter-output>
          </reporter-output>
        </test-method> <!-- basePageNavigation -->
        <test-method status="PASS" signature="teardown()[pri:0, instance:Project.Practical.HomePage@1f760b47]" name="teardown" is-config="true" duration-ms="651" started-at="2022-05-05T22:52:19 IST" finished-at="2022-05-05T22:52:19 IST">
          <reporter-output>
          </reporter-output>
        </test-method> <!-- teardown -->
        <test-method status="PASS" signature="openURL()[pri:0, instance:Project.Practical.HomePage@1f760b47]" name="openURL" is-config="true" duration-ms="38618" started-at="2022-05-05T22:52:19 IST" finished-at="2022-05-05T22:52:58 IST">
          <reporter-output>
          </reporter-output>
        </test-method> <!-- openURL -->
        <test-method status="PASS" signature="basePageNavigation(java.lang.String,java.lang.String)[pri:0, instance:Project.Practical.HomePage@1f760b47]" name="basePageNavigation" duration-ms="798" started-at="2022-05-05T22:52:58 IST" data-provider="getData" finished-at="2022-05-05T22:52:59 IST">
          <params>
            <param index="0">
              <value>
                <![CDATA[qwe@gmail.com]]>
              </value>
            </param>
            <param index="1">
              <value>
                <![CDATA[password2]]>
              </value>
            </param>
          </params>
          <reporter-output>
          </reporter-output>
        </test-method> <!-- basePageNavigation -->
        <test-method status="PASS" signature="teardown()[pri:0, instance:Project.Practical.HomePage@1f760b47]" name="teardown" is-config="true" duration-ms="647" started-at="2022-05-05T22:52:59 IST" finished-at="2022-05-05T22:52:59 IST">
          <reporter-output>
          </reporter-output>
        </test-method> <!-- teardown -->
      </class> <!-- Project.Practical.HomePage -->
    </test> <!-- HomePage -->
  </suite> <!-- Suite -->
</testng-results>
