<?xml version="1.0" encoding="UTF-8"?>
<testng-results ignored="0" total="4" passed="4" failed="0" skipped="0">
  <reporter-output>
  </reporter-output>
  <suite started-at="2022-06-08T14:11:08 IST" name="Suite" finished-at="2022-06-08T14:12:09 IST" duration-ms="60523">
    <groups>
    </groups>
    <test started-at="2022-06-08T14:11:08 IST" name="NavBa" finished-at="2022-06-08T14:11:44 IST" duration-ms="35771">
      <class name="Project.Practical.NavBar">
        <test-method is-config="true" signature="openURL()[pri:0, instance:Project.Practical.NavBar@47a64f7d]" started-at="2022-06-08T14:11:08 IST" name="openURL" finished-at="2022-06-08T14:11:43 IST" duration-ms="34679" status="PASS">
          <reporter-output>
          </reporter-output>
        </test-method> <!-- openURL -->
        <test-method signature="header()[pri:0, instance:Project.Practical.NavBar@47a64f7d]" started-at="2022-06-08T14:11:43 IST" name="header" finished-at="2022-06-08T14:11:43 IST" duration-ms="65" status="PASS">
          <reporter-output>
          </reporter-output>
        </test-method> <!-- header -->
        <test-method signature="navBar()[pri:0, instance:Project.Practical.NavBar@47a64f7d]" started-at="2022-06-08T14:11:43 IST" name="navBar" finished-at="2022-06-08T14:11:43 IST" duration-ms="343" status="PASS">
          <reporter-output>
          </reporter-output>
        </test-method> <!-- navBar -->
        <test-method is-config="true" signature="teardown()[pri:0, instance:Project.Practical.NavBar@47a64f7d]" started-at="2022-06-08T14:11:43 IST" name="teardown" finished-at="2022-06-08T14:11:44 IST" duration-ms="669" status="PASS">
          <reporter-output>
          </reporter-output>
        </test-method> <!-- teardown -->
      </class> <!-- Project.Practical.NavBar -->
    </test> <!-- NavBa -->
    <test started-at="2022-06-08T14:11:08 IST" name="HomePage" finished-at="2022-06-08T14:12:09 IST" duration-ms="60523">
      <class name="Project.Practical.HomePage">
        <test-method is-config="true" signature="openURL()[pri:0, instance:Project.Practical.HomePage@5a12c728]" started-at="2022-06-08T14:11:08 IST" name="openURL" finished-at="2022-06-08T14:11:32 IST" duration-ms="23559" status="PASS">
          <reporter-output>
          </reporter-output>
        </test-method> <!-- openURL -->
        <test-method signature="basePageNavigation(java.lang.String,java.lang.String)[pri:0, instance:Project.Practical.HomePage@5a12c728]" started-at="2022-06-08T14:11:32 IST" name="basePageNavigation" data-provider="getData" finished-at="2022-06-08T14:11:34 IST" duration-ms="1711" status="PASS">
          <params>
            <param index="0">
              <value>
                <![CDATA[asd@gmail.com]]>
              </value>
            </param>
            <param index="1">
              <value>
                <![CDATA[password1]]>
              </value>
            </param>
          </params>
          <reporter-output>
          </reporter-output>
        </test-method> <!-- basePageNavigation -->
        <test-method is-config="true" signature="teardown()[pri:0, instance:Project.Practical.HomePage@5a12c728]" started-at="2022-06-08T14:11:34 IST" name="teardown" finished-at="2022-06-08T14:11:34 IST" duration-ms="672" status="PASS">
          <reporter-output>
          </reporter-output>
        </test-method> <!-- teardown -->
        <test-method is-config="true" signature="openURL()[pri:0, instance:Project.Practical.HomePage@5a12c728]" started-at="2022-06-08T14:11:34 IST" name="openURL" finished-at="2022-06-08T14:12:07 IST" duration-ms="32755" status="PASS">
          <reporter-output>
          </reporter-output>
        </test-method> <!-- openURL -->
        <test-method signature="basePageNavigation(java.lang.String,java.lang.String)[pri:0, instance:Project.Practical.HomePage@5a12c728]" started-at="2022-06-08T14:12:07 IST" name="basePageNavigation" data-provider="getData" finished-at="2022-06-08T14:12:08 IST" duration-ms="1138" status="PASS">
          <params>
            <param index="0">
              <value>
                <![CDATA[qwe@gmail.com]]>
              </value>
            </param>
            <param index="1">
              <value>
                <![CDATA[password2]]>
              </value>
            </param>
          </params>
          <reporter-output>
          </reporter-output>
        </test-method> <!-- basePageNavigation -->
        <test-method is-config="true" signature="teardown()[pri:0, instance:Project.Practical.HomePage@5a12c728]" started-at="2022-06-08T14:12:08 IST" name="teardown" finished-at="2022-06-08T14:12:09 IST" duration-ms="644" status="PASS">
          <reporter-output>
          </reporter-output>
        </test-method> <!-- teardown -->
      </class> <!-- Project.Practical.HomePage -->
    </test> <!-- HomePage -->
  </suite> <!-- Suite -->
</testng-results>
